 ic = 1 Y_ic = 5040 Y(ic) =  0 abs_err = 5040
 n = 1 batchCount = 1 max_abserr= 5040
 ic = 1 Y_ic = 228.436 Y(ic) =  0 abs_err = 228.436
 ic = 2 Y_ic = 238.362 Y(ic) =  0 abs_err = 238.362
 ic = 3 Y_ic = 240.443 Y(ic) =  0 abs_err = 240.443
 ic = 4 Y_ic = 250.891 Y(ic) =  0 abs_err = 250.891
 ic = 5 Y_ic = 243.613 Y(ic) =  0 abs_err = 243.613
 ic = 6 Y_ic = 254.2 Y(ic) =  0 abs_err = 254.2
 ic = 7 Y_ic = 256.418 Y(ic) =  0 abs_err = 256.418
 ic = 8 Y_ic = 267.561 Y(ic) =  0 abs_err = 267.561
 ic = 9 Y_ic = 249.012 Y(ic) =  0 abs_err = 249.012
 ic = 10 Y_ic = 259.832 Y(ic) =  0 abs_err = 259.832
 ic = 11 Y_ic = 262.1 Y(ic) =  0 abs_err = 262.1
 ic = 12 Y_ic = 273.49 Y(ic) =  0 abs_err = 273.49
 ic = 13 Y_ic = 265.556 Y(ic) =  0 abs_err = 265.556
 ic = 14 Y_ic = 277.096 Y(ic) =  0 abs_err = 277.096
 ic = 15 Y_ic = 279.515 Y(ic) =  0 abs_err = 279.515
 ic = 16 Y_ic = 291.661 Y(ic) =  0 abs_err = 291.661
 ic = 17 Y_ic = 260.126 Y(ic) =  0 abs_err = 260.126
 ic = 18 Y_ic = 271.43 Y(ic) =  0 abs_err = 271.43
 ic = 19 Y_ic = 273.799 Y(ic) =  0 abs_err = 273.799
 ic = 20 Y_ic = 483.675 Y(ic) =  0 abs_err = 483.675
 ic = 21 Y_ic = 469.643 Y(ic) =  0 abs_err = 469.643
 ic = 22 Y_ic = 490.051 Y(ic) =  0 abs_err = 490.051
 ic = 23 Y_ic = 494.327 Y(ic) =  0 abs_err = 494.327
 ic = 24 Y_ic = 515.808 Y(ic) =  0 abs_err = 515.808
 ic = 25 Y_ic = 480.043 Y(ic) =  0 abs_err = 480.043
 ic = 26 Y_ic = 500.902 Y(ic) =  0 abs_err = 500.902
 ic = 27 Y_ic = 505.274 Y(ic) =  0 abs_err = 505.274
 ic = 28 Y_ic = 527.23 Y(ic) =  0 abs_err = 527.23
 ic = 29 Y_ic = 511.935 Y(ic) =  0 abs_err = 511.935
 ic = 30 Y_ic = 534.18 Y(ic) =  0 abs_err = 534.18
 ic = 31 Y_ic = 538.842 Y(ic) =  0 abs_err = 538.842
 ic = 32 Y_ic = 562.256 Y(ic) =  0 abs_err = 562.256
 ic = 33 Y_ic = 509.191 Y(ic) =  0 abs_err = 509.191
 ic = 34 Y_ic = 531.317 Y(ic) =  0 abs_err = 531.317
 ic = 35 Y_ic = 535.954 Y(ic) =  0 abs_err = 535.954
 ic = 36 Y_ic = 559.243 Y(ic) =  0 abs_err = 559.243
 ic = 37 Y_ic = 543.02 Y(ic) =  0 abs_err = 543.02
 ic = 38 Y_ic = 566.616 Y(ic) =  0 abs_err = 566.616
 ic = 39 Y_ic = 571.56 Y(ic) =  0 abs_err = 571.56
 ic = 40 Y_ic = 596.397 Y(ic) =  0 abs_err = 596.397
 ic = 41 Y_ic = 555.044 Y(ic) =  0 abs_err = 555.044
 ic = 42 Y_ic = 579.163 Y(ic) =  0 abs_err = 579.163
 ic = 43 Y_ic = 584.217 Y(ic) =  0 abs_err = 584.217
 ic = 44 Y_ic = 609.604 Y(ic) =  0 abs_err = 609.604
 ic = 45 Y_ic = 591.919 Y(ic) =  0 abs_err = 591.919
 ic = 46 Y_ic = 617.64 Y(ic) =  0 abs_err = 617.64
 ic = 47 Y_ic = 623.03 Y(ic) =  0 abs_err = 623.03
 ic = 48 Y_ic = 650.103 Y(ic) =  0 abs_err = 650.103
 ic = 49 Y_ic = 581.265 Y(ic) =  0 abs_err = 581.265
 ic = 50 Y_ic = 606.523 Y(ic) =  0 abs_err = 606.523
 ic = 51 Y_ic = 611.816 Y(ic) =  0 abs_err = 611.816
 ic = 52 Y_ic = 638.402 Y(ic) =  0 abs_err = 638.402
 ic = 53 Y_ic = 619.882 Y(ic) =  0 abs_err = 619.882
 ic = 54 Y_ic = 646.818 Y(ic) =  0 abs_err = 646.818
 ic = 55 Y_ic = 652.463 Y(ic) =  0 abs_err = 652.463
 ic = 56 Y_ic = 680.815 Y(ic) =  0 abs_err = 680.815
 ic = 57 Y_ic = 633.609 Y(ic) =  0 abs_err = 633.609
 ic = 58 Y_ic = 661.141 Y(ic) =  0 abs_err = 661.141
 ic = 59 Y_ic = 666.911 Y(ic) =  0 abs_err = 666.911
 ic = 60 Y_ic = 695.891 Y(ic) =  0 abs_err = 695.891
 ic = 61 Y_ic = 675.703 Y(ic) =  0 abs_err = 675.703
 ic = 62 Y_ic = 705.065 Y(ic) =  0 abs_err = 705.065
 ic = 63 Y_ic = 711.218 Y(ic) =  0 abs_err = 711.218
 ic = 64 Y_ic = 742.123 Y(ic) =  0 abs_err = 742.123
 n = 2 batchCount = 1 max_abserr= 742.123
There are 2 errors
